Using pre-set license
Built from '2020.3/release' branch; Version is '2020.3.1f1 (77a89f25062f) revision 7841951'; Using compiler version '192528614'; Build Type 'Release'
OS: 'Windows 10 Home; OS build 18363.1440; Version 1909; 64bit' Language: 'en' Physical Memory: 8075 MB
BatchMode: 1, IsHumanControllingUs: 0, StartBugReporterOnCrash: 0, Is64bit: 1, IsPro: 0

 COMMAND LINE ARGUMENTS:
C:\Program Files\Unity\Hub\Editor\2020.3.1f1\Editor\Unity.exe
-adb2
-batchMode
-noUpm
-name
AssetImportWorker0
-projectPath
C:/Users/A.J.E Lakkala/Documents/My Games/Library of Babel/Unity
-logFile
Logs/AssetImportWorker0.log
-srvPort
60256
Successfully changed project path to: C:/Users/A.J.E Lakkala/Documents/My Games/Library of Babel/Unity
C:/Users/A.J.E Lakkala/Documents/My Games/Library of Babel/Unity
Using Asset Import Pipeline V2.
Refreshing native plugins compatible for Editor in 38.40 ms, found 0 plugins.
Preloading 0 native plugins for Editor in 0.00 ms.
Initialize engine version: 2020.3.1f1 (77a89f25062f)
[Subsystems] Discovering subsystems at path C:/Program Files/Unity/Hub/Editor/2020.3.1f1/Editor/Data/Resources/UnitySubsystems
[Subsystems] Discovering subsystems at path C:/Users/A.J.E Lakkala/Documents/My Games/Library of Babel/Unity/Assets
GfxDevice: creating device client; threaded=0
Direct3D:
    Version:  Direct3D 11.0 [level 11.1]
    Renderer: Intel(R) HD Graphics 620 (ID=0x5916)
    Vendor:   
    VRAM:     4037 MB
    Driver:   23.20.16.4973
Initialize mono
Mono path[0] = 'C:/Program Files/Unity/Hub/Editor/2020.3.1f1/Editor/Data/Managed'
Mono path[1] = 'C:/Program Files/Unity/Hub/Editor/2020.3.1f1/Editor/Data/MonoBleedingEdge/lib/mono/unityjit'
Mono config path = 'C:/Program Files/Unity/Hub/Editor/2020.3.1f1/Editor/Data/MonoBleedingEdge/etc'
Using monoOptions --debugger-agent=transport=dt_socket,embedding=1,server=y,suspend=n,address=127.0.0.1:56736
Begin MonoManager ReloadAssembly
Registering precompiled unity dll's ...
Register platform support module: C:/Program Files/Unity/Hub/Editor/2020.3.1f1/Editor/Data/PlaybackEngines/MacStandaloneSupport/UnityEditor.OSXStandalone.Extensions.dll
Register platform support module: C:/Program Files/Unity/Hub/Editor/2020.3.1f1/Editor/Data/PlaybackEngines/WindowsStandaloneSupport/UnityEditor.WindowsStandalone.Extensions.dll
Registered in 0.003412 seconds.
Native extension for WindowsStandalone target not found
Native extension for OSXStandalone target not found
Refreshing native plugins compatible for Editor in 38.43 ms, found 0 plugins.
Preloading 0 native plugins for Editor in 0.00 ms.
Invoked RoslynAnalysisRunner static constructor.
RoslynAnalysisRunner will not be running.
RoslynAnalysisRunner has terminated.
Mono: successfully reloaded assembly
- Completed reload, in  3.328 seconds
Platform modules already initialized, skipping
Registering precompiled user dll's ...
Registered in 0.001082 seconds.
Begin MonoManager ReloadAssembly
Native extension for WindowsStandalone target not found
Native extension for OSXStandalone target not found
Refreshing native plugins compatible for Editor in 0.39 ms, found 0 plugins.
Preloading 0 native plugins for Editor in 0.00 ms.
Invoked RoslynAnalysisRunner static constructor.
RoslynAnalysisRunner will not be running.
RoslynAnalysisRunner has terminated.
Mono: successfully reloaded assembly
- Completed reload, in  1.032 seconds
Platform modules already initialized, skipping
========================================================================
Worker process is ready to serve import requests
Launched and connected shader compiler UnityShaderCompiler.exe after 0.14 seconds
Refreshing native plugins compatible for Editor in 0.30 ms, found 0 plugins.
Preloading 0 native plugins for Editor in 0.00 ms.
Unloading 1125 Unused Serialized files (Serialized files now loaded: 0)
System memory in use before: 77.5 MB.
System memory in use after: 77.3 MB.

Unloading 10 unused Assets to reduce memory usage. Loaded Objects now: 1585.
Total: 4.798500 ms (FindLiveObjects: 0.199600 ms CreateObjectMapping: 0.062000 ms MarkObjects: 3.721000 ms  DeleteObjects: 0.813300 ms)

========================================================================
Received Import Request.
  path: Assets/SampleScenes/Models/Materials/SpaceshipHull.mat
  artifactKey: Guid(35e2b94eb1006514abf8ae501b17f4d1) Importer(815301076,1909f56bfc062723c751e8b465ee728b)
Start importing Assets/SampleScenes/Models/Materials/SpaceshipHull.mat using Guid(35e2b94eb1006514abf8ae501b17f4d1) Importer(815301076,1909f56bfc062723c751e8b465ee728b)  -> (artifact id: 'cc64d244a6dfa10fda031ab7512c4a21') in 0.196253 seconds
  Import took 0.199987 seconds .

========================================================================
Received Import Request.
  Time since last request: 0.000312 seconds.
  path: Assets/SampleScenes/Materials/TurquoiseSmooth.mat
  artifactKey: Guid(735665606fda0c14cb12bc536aa26dc7) Importer(815301076,1909f56bfc062723c751e8b465ee728b)
Start importing Assets/SampleScenes/Materials/TurquoiseSmooth.mat using Guid(735665606fda0c14cb12bc536aa26dc7) Importer(815301076,1909f56bfc062723c751e8b465ee728b)  -> (artifact id: 'aa7f5ae7e3f6a3eeb00b17e1d03399b7') in 0.115734 seconds
  Import took 0.119697 seconds .

========================================================================
Received Import Request.
  Time since last request: 0.000282 seconds.
  path: Assets/Standard Assets/Prototyping/Materials/YellowGrid.mat
  artifactKey: Guid(82096aab38f01cb40a1cbf8629a810ba) Importer(815301076,1909f56bfc062723c751e8b465ee728b)
Start importing Assets/Standard Assets/Prototyping/Materials/YellowGrid.mat using Guid(82096aab38f01cb40a1cbf8629a810ba) Importer(815301076,1909f56bfc062723c751e8b465ee728b)  -> (artifact id: '3a6dd94100997d35839040bd30945dc9') in 0.117550 seconds
  Import took 0.121199 seconds .

========================================================================
Received Import Request.
  Time since last request: 0.000264 seconds.
  path: Assets/Standard Assets/Effects/ToonShading/Materials/ToonBasic.mat
  artifactKey: Guid(84b9e1d19d11078d11005b9844295342) Importer(815301076,1909f56bfc062723c751e8b465ee728b)
Start importing Assets/Standard Assets/Effects/ToonShading/Materials/ToonBasic.mat using Guid(84b9e1d19d11078d11005b9844295342) Importer(815301076,1909f56bfc062723c751e8b465ee728b)  -> (artifact id: 'fef60672304fdd3d493d403e5f83fc36') in 0.057261 seconds
  Import took 0.060004 seconds .

========================================================================
Received Import Request.
  Time since last request: 0.000472 seconds.
  path: Assets/Standard Assets/Effects/TessellationShaders/Materials/TesselatedBumpSpecularSmooth.mat
  artifactKey: Guid(06893cec523208643a91b7a393737700) Importer(815301076,1909f56bfc062723c751e8b465ee728b)
Start importing Assets/Standard Assets/Effects/TessellationShaders/Materials/TesselatedBumpSpecularSmooth.mat using Guid(06893cec523208643a91b7a393737700) Importer(815301076,1909f56bfc062723c751e8b465ee728b)  -> (artifact id: '772891f77b319f30d53e58ca33517b29') in 0.522498 seconds
  Import took 0.524962 seconds .

========================================================================
Received Import Request.
  Time since last request: 0.000408 seconds.
  path: Assets/Standard Assets/Environment/Water/Water/Materials/WaterProNighttime.mat
  artifactKey: Guid(e633a20421c47426aa04444234225b69) Importer(815301076,1909f56bfc062723c751e8b465ee728b)
Start importing Assets/Standard Assets/Environment/Water/Water/Materials/WaterProNighttime.mat using Guid(e633a20421c47426aa04444234225b69) Importer(815301076,1909f56bfc062723c751e8b465ee728b)  -> (artifact id: '95755061110bd4c42fffca449b74a713') in 0.094704 seconds
  Import took 0.097950 seconds .

========================================================================
Received Import Request.
  Time since last request: 0.000317 seconds.
  path: Assets/Standard Assets/Environment/Water (Basic)/Materials/WaterBasicDaytime.mat
  artifactKey: Guid(52b7d70b1de7c4ce09662b77c14d9fda) Importer(815301076,1909f56bfc062723c751e8b465ee728b)
Start importing Assets/Standard Assets/Environment/Water (Basic)/Materials/WaterBasicDaytime.mat using Guid(52b7d70b1de7c4ce09662b77c14d9fda) Importer(815301076,1909f56bfc062723c751e8b465ee728b)  -> (artifact id: '7a915902e8bd27b14a9c330a1a0996c0') in 0.084137 seconds
  Import took 0.087907 seconds .

========================================================================
Received Import Request.
  Time since last request: 0.000317 seconds.
  path: Assets/Standard Assets/Environment/Water/Water4/Materials/Water4Advanced.mat
  artifactKey: Guid(a5f2339f242f6cc41a982ec55ea3c201) Importer(815301076,1909f56bfc062723c751e8b465ee728b)
Start importing Assets/Standard Assets/Environment/Water/Water4/Materials/Water4Advanced.mat using Guid(a5f2339f242f6cc41a982ec55ea3c201) Importer(815301076,1909f56bfc062723c751e8b465ee728b)  -> (artifact id: '36e04d05dbbc6dde9a0e0125e0d6b550') in 0.081684 seconds
  Import took 0.085227 seconds .

========================================================================
Received Import Request.
  Time since last request: 0.000352 seconds.
  path: Assets/Standard Assets/Effects/Projectors/Materials/ShadowProjector.mat
  artifactKey: Guid(e30ff3588e719f34bbf0c66f22d97487) Importer(815301076,1909f56bfc062723c751e8b465ee728b)
Start importing Assets/Standard Assets/Effects/Projectors/Materials/ShadowProjector.mat using Guid(e30ff3588e719f34bbf0c66f22d97487) Importer(815301076,1909f56bfc062723c751e8b465ee728b)  -> (artifact id: '7cc5e45a6d566f4cccddc2c42e250b98') in 0.064079 seconds
  Import took 0.067591 seconds .

========================================================================
Received Import Request.
  Time since last request: 0.000259 seconds.
  path: Assets/Standard Assets/Effects/TessellationShaders/Materials/TesselatedBumpSpecularDisplacement.mat
  artifactKey: Guid(26d8bdbc8646bde48b05fbaacaaa6577) Importer(815301076,1909f56bfc062723c751e8b465ee728b)
Start importing Assets/Standard Assets/Effects/TessellationShaders/Materials/TesselatedBumpSpecularDisplacement.mat using Guid(26d8bdbc8646bde48b05fbaacaaa6577) Importer(815301076,1909f56bfc062723c751e8b465ee728b)  -> (artifact id: 'cc80b778e914e9b1b72a5e3e76c48fb9') in 0.525238 seconds
  Import took 0.529033 seconds .

========================================================================
Received Import Request.
  Time since last request: 0.000321 seconds.
  path: Assets/Standard Assets/Environment/Water/Water/Materials/WaterProDaytime.mat
  artifactKey: Guid(7350b65a6431f604a8496c39db1ac9c5) Importer(815301076,1909f56bfc062723c751e8b465ee728b)
Start importing Assets/Standard Assets/Environment/Water/Water/Materials/WaterProDaytime.mat using Guid(7350b65a6431f604a8496c39db1ac9c5) Importer(815301076,1909f56bfc062723c751e8b465ee728b)  -> (artifact id: 'd4f60dbb89a23aac6a47b44d05e747a0') in 0.076827 seconds
  Import took 0.080297 seconds .

========================================================================
Received Import Request.
  Time since last request: 0.000327 seconds.
  path: Assets/Standard Assets/Vehicles/Car/Materials/SkyCarLightCoversGrey.mat
  artifactKey: Guid(bf5faaa3a8e23de45bf1350be2893dd7) Importer(815301076,1909f56bfc062723c751e8b465ee728b)
Start importing Assets/Standard Assets/Vehicles/Car/Materials/SkyCarLightCoversGrey.mat using Guid(bf5faaa3a8e23de45bf1350be2893dd7) Importer(815301076,1909f56bfc062723c751e8b465ee728b)  -> (artifact id: '49002156e63e56ce09129a335eae2d3e') in 0.505071 seconds
  Import took 0.508339 seconds .

========================================================================
Received Import Request.
  Time since last request: 0.000223 seconds.
  path: Assets/Standard Assets/Environment/Water/Water/Materials/WaterPlaneMaterial.mat
  artifactKey: Guid(f1bc741ea0e69a241896582ddb633d55) Importer(815301076,1909f56bfc062723c751e8b465ee728b)
Start importing Assets/Standard Assets/Environment/Water/Water/Materials/WaterPlaneMaterial.mat using Guid(f1bc741ea0e69a241896582ddb633d55) Importer(815301076,1909f56bfc062723c751e8b465ee728b)  -> (artifact id: '3927e80384dcc27274b32321500054b9') in 0.050426 seconds
  Import took 0.053653 seconds .

========================================================================
Received Import Request.
  Time since last request: 0.000315 seconds.
  path: Assets/Standard Assets/Environment/Water (Basic)/Materials/WaterDefault.mat
  artifactKey: Guid(30abebfd9bf1c49d8a2d26e61e66bc15) Importer(815301076,1909f56bfc062723c751e8b465ee728b)
Start importing Assets/Standard Assets/Environment/Water (Basic)/Materials/WaterDefault.mat using Guid(30abebfd9bf1c49d8a2d26e61e66bc15) Importer(815301076,1909f56bfc062723c751e8b465ee728b)  -> (artifact id: 'bb73848b49f599cf3258f22befb2a0e9') in 0.207273 seconds
  Import took 0.210084 seconds .

========================================================================
Received Import Request.
  Time since last request: 0.000265 seconds.
  path: Assets/Standard Assets/Vehicles/Car/Materials/TrailSkid.mat
  artifactKey: Guid(f4dd0bba6decdd5418fd3d541ff5f7f0) Importer(815301076,1909f56bfc062723c751e8b465ee728b)
Start importing Assets/Standard Assets/Vehicles/Car/Materials/TrailSkid.mat using Guid(f4dd0bba6decdd5418fd3d541ff5f7f0) Importer(815301076,1909f56bfc062723c751e8b465ee728b)  -> (artifact id: '8a50c3d765c9e91b63f495e0de8f8905') in 0.108006 seconds
  Import took 0.110349 seconds .

========================================================================
Received Import Request.
  Time since last request: 0.000265 seconds.
  path: Assets/SampleScenes/Materials/WhiteSmooth.mat
  artifactKey: Guid(616853845a4a54949ac851f2f807aa2a) Importer(815301076,1909f56bfc062723c751e8b465ee728b)
Start importing Assets/SampleScenes/Materials/WhiteSmooth.mat using Guid(616853845a4a54949ac851f2f807aa2a) Importer(815301076,1909f56bfc062723c751e8b465ee728b)  -> (artifact id: '164b644482d38cc508e63216552d60d0') in 0.063355 seconds
  Import took 0.066373 seconds .

========================================================================
Received Import Request.
  Time since last request: 0.000389 seconds.
  path: Assets/Standard Assets/Effects/ToonShading/Materials/ToonLit.mat
  artifactKey: Guid(c9e6294c9d11cb8d11006bf944295342) Importer(815301076,1909f56bfc062723c751e8b465ee728b)
Start importing Assets/Standard Assets/Effects/ToonShading/Materials/ToonLit.mat using Guid(c9e6294c9d11cb8d11006bf944295342) Importer(815301076,1909f56bfc062723c751e8b465ee728b)  -> (artifact id: 'f955a1d276f0fbbca94e215bcd6a64c7') in 0.274970 seconds
  Import took 0.278194 seconds .

========================================================================
Received Import Request.
  Time since last request: 0.000269 seconds.
  path: Assets/Standard Assets/Effects/ToonShading/Materials/ToonBasicOutline.mat
  artifactKey: Guid(215977489d11178d11005b9844295342) Importer(815301076,1909f56bfc062723c751e8b465ee728b)
Start importing Assets/Standard Assets/Effects/ToonShading/Materials/ToonBasicOutline.mat using Guid(215977489d11178d11005b9844295342) Importer(815301076,1909f56bfc062723c751e8b465ee728b)  -> (artifact id: 'f01a144ecf34de2357385a73cae5c773') in 0.063526 seconds
  Import took 0.067104 seconds .

========================================================================
Received Import Request.
  Time since last request: 0.000244 seconds.
  path: Assets/SampleScenes/Materials/YellowSmooth.mat
  artifactKey: Guid(61bcea22404bda2469670dd9255037db) Importer(815301076,1909f56bfc062723c751e8b465ee728b)
Start importing Assets/SampleScenes/Materials/YellowSmooth.mat using Guid(61bcea22404bda2469670dd9255037db) Importer(815301076,1909f56bfc062723c751e8b465ee728b)  -> (artifact id: 'a4e041d133a08e4d277cc6ce399010ab') in 0.062016 seconds
  Import took 0.065490 seconds .

========================================================================
Received Import Request.
  Time since last request: 0.000316 seconds.
  path: Assets/Standard Assets/Vehicles/Car/Materials/SkyCarLightGlows.mat
  artifactKey: Guid(3682f7747d485db4586750a832808b31) Importer(815301076,1909f56bfc062723c751e8b465ee728b)
Start importing Assets/Standard Assets/Vehicles/Car/Materials/SkyCarLightGlows.mat using Guid(3682f7747d485db4586750a832808b31) Importer(815301076,1909f56bfc062723c751e8b465ee728b)  -> (artifact id: 'a8bc41ffae361a435b7a3134419332d5') in 0.108627 seconds
  Import took 0.111951 seconds .

========================================================================
Received Import Request.
  Time since last request: 0.000410 seconds.
  path: Assets/Standard Assets/Vehicles/Car/Materials/SkyCarWheelWhite.mat
  artifactKey: Guid(6021947067b9d6c4bac8d9e085a71558) Importer(815301076,1909f56bfc062723c751e8b465ee728b)
Start importing Assets/Standard Assets/Vehicles/Car/Materials/SkyCarWheelWhite.mat using Guid(6021947067b9d6c4bac8d9e085a71558) Importer(815301076,1909f56bfc062723c751e8b465ee728b)  -> (artifact id: 'ba45c601ae81bfbbb422c7ca4cc4b597') in 0.470633 seconds
  Import took 0.473558 seconds .

========================================================================
Received Import Request.
  Time since last request: 0.000299 seconds.
  path: Assets/Standard Assets/Vehicles/Car/Materials/SkyCarBodyGrey.mat
  artifactKey: Guid(d425c5c4cb38fd44f95b13e9f94575c2) Importer(815301076,1909f56bfc062723c751e8b465ee728b)
Start importing Assets/Standard Assets/Vehicles/Car/Materials/SkyCarBodyGrey.mat using Guid(d425c5c4cb38fd44f95b13e9f94575c2) Importer(815301076,1909f56bfc062723c751e8b465ee728b)  -> (artifact id: '093fbe62752440e5b7450dd904ec133e') in 0.078909 seconds
  Import took 0.081513 seconds .

========================================================================
Received Import Request.
  Time since last request: 0.000270 seconds.
  path: Assets/SampleScenes/Materials/TealSmooth.mat
  artifactKey: Guid(ee9f7b84e86227a4fadc5e7f42e84b97) Importer(815301076,1909f56bfc062723c751e8b465ee728b)
Start importing Assets/SampleScenes/Materials/TealSmooth.mat using Guid(ee9f7b84e86227a4fadc5e7f42e84b97) Importer(815301076,1909f56bfc062723c751e8b465ee728b)  -> (artifact id: '84d196eb56cfa5070f75644fd5e3cf35') in 0.061095 seconds
  Import took 0.064608 seconds .

========================================================================
Received Import Request.
  Time since last request: 0.000245 seconds.
  path: Assets/Standard Assets/Characters/RollerBall/Materials/RollerBallWhite.mat
  artifactKey: Guid(4b5dce0492bdfb648a389fe390071625) Importer(815301076,1909f56bfc062723c751e8b465ee728b)
Start importing Assets/Standard Assets/Characters/RollerBall/Materials/RollerBallWhite.mat using Guid(4b5dce0492bdfb648a389fe390071625) Importer(815301076,1909f56bfc062723c751e8b465ee728b)  -> (artifact id: '999e96dd52e6d8a060646053df335c3c') in 0.047113 seconds
  Import took 0.050233 seconds .

========================================================================
Received Import Request.
  Time since last request: 0.000244 seconds.
  path: Assets/Standard Assets/Environment/Water (Basic)/Materials/WaterBasicNighttime.mat
  artifactKey: Guid(c55afdc4a8a3b4890b07cc7d176510bb) Importer(815301076,1909f56bfc062723c751e8b465ee728b)
Start importing Assets/Standard Assets/Environment/Water (Basic)/Materials/WaterBasicNighttime.mat using Guid(c55afdc4a8a3b4890b07cc7d176510bb) Importer(815301076,1909f56bfc062723c751e8b465ee728b)  -> (artifact id: '04ca56ccc13b0aadb9aac571d43fa75a') in 0.055041 seconds
  Import took 0.057734 seconds .

========================================================================
Received Import Request.
  Time since last request: 0.000520 seconds.
  path: Assets/Standard Assets/Vehicles/Car/Materials/SkyCarLightCoversWhite.mat
  artifactKey: Guid(bedcbcc4d577778478a5f01fe1415af1) Importer(815301076,1909f56bfc062723c751e8b465ee728b)
Start importing Assets/Standard Assets/Vehicles/Car/Materials/SkyCarLightCoversWhite.mat using Guid(bedcbcc4d577778478a5f01fe1415af1) Importer(815301076,1909f56bfc062723c751e8b465ee728b)  -> (artifact id: '787e28df1c594ed3092d96ddb8a71826') in 0.055411 seconds
  Import took 0.057916 seconds .

========================================================================
Received Import Request.
  Time since last request: 0.000325 seconds.
  path: Assets/Standard Assets/Characters/RollerBall/Materials/RollerBallGrey.mat
  artifactKey: Guid(6fd099d339b4ae34692c8258e4f87531) Importer(815301076,1909f56bfc062723c751e8b465ee728b)
Start importing Assets/Standard Assets/Characters/RollerBall/Materials/RollerBallGrey.mat using Guid(6fd099d339b4ae34692c8258e4f87531) Importer(815301076,1909f56bfc062723c751e8b465ee728b)  -> (artifact id: '882b359967b75b7d7651c115e6b5bb5a') in 0.049482 seconds
  Import took 0.052405 seconds .

========================================================================
Received Import Request.
  Time since last request: 0.000250 seconds.
  path: Assets/SampleScenes/Materials/PinkUnlit.mat
  artifactKey: Guid(a8934a77ad83e0f4a9e9d40b3917880b) Importer(815301076,1909f56bfc062723c751e8b465ee728b)
Start importing Assets/SampleScenes/Materials/PinkUnlit.mat using Guid(a8934a77ad83e0f4a9e9d40b3917880b) Importer(815301076,1909f56bfc062723c751e8b465ee728b)  -> (artifact id: 'd8a52e08ff8ed7e7967de7e275148422') in 0.054385 seconds
  Import took 0.057089 seconds .

========================================================================
Received Import Request.
  Time since last request: 0.000240 seconds.
  path: Assets/SampleScenes/Materials/SkyboxProcedural.mat
  artifactKey: Guid(bf1bf92a3ce592e40b898be6c21cc2fa) Importer(815301076,1909f56bfc062723c751e8b465ee728b)
Start importing Assets/SampleScenes/Materials/SkyboxProcedural.mat using Guid(bf1bf92a3ce592e40b898be6c21cc2fa) Importer(815301076,1909f56bfc062723c751e8b465ee728b)  -> (artifact id: '7e9bd3575ae21ca12c427951e83790b4') in 0.063026 seconds
  Import took 0.066314 seconds .

========================================================================
Received Import Request.
  Time since last request: 0.000269 seconds.
  path: Assets/Standard Assets/Effects/ToonShading/Materials/ToonLitOutline.mat
  artifactKey: Guid(5d69df9d9d11e49d110086ba44295342) Importer(815301076,1909f56bfc062723c751e8b465ee728b)
Start importing Assets/Standard Assets/Effects/ToonShading/Materials/ToonLitOutline.mat using Guid(5d69df9d9d11e49d110086ba44295342) Importer(815301076,1909f56bfc062723c751e8b465ee728b)  -> (artifact id: '5665778d8525ad009202255124ace263') in 0.050539 seconds
  Import took 0.053712 seconds .

========================================================================
Received Import Request.
  Time since last request: 0.000252 seconds.
  path: Assets/Standard Assets/Vehicles/Car/Materials/SkyCarWheelGrey.mat
  artifactKey: Guid(965a4c3cf8f0acb408f15384c947b3fd) Importer(815301076,1909f56bfc062723c751e8b465ee728b)
Start importing Assets/Standard Assets/Vehicles/Car/Materials/SkyCarWheelGrey.mat using Guid(965a4c3cf8f0acb408f15384c947b3fd) Importer(815301076,1909f56bfc062723c751e8b465ee728b)  -> (artifact id: '8bce3a3d51d9db794e870cb37fc025fe') in 0.046393 seconds
  Import took 0.049673 seconds .

========================================================================
Received Import Request.
  Time since last request: 0.000266 seconds.
  path: Assets/Standard Assets/Environment/Water/Water4/Materials/Water4Simple.mat
  artifactKey: Guid(656fde119942645aa8e062e04c119aa1) Importer(815301076,1909f56bfc062723c751e8b465ee728b)
Start importing Assets/Standard Assets/Environment/Water/Water4/Materials/Water4Simple.mat using Guid(656fde119942645aa8e062e04c119aa1) Importer(815301076,1909f56bfc062723c751e8b465ee728b)  -> (artifact id: 'fc4459e2084891cf6188cb94528fa23b') in 0.046005 seconds
  Import took 0.049903 seconds .

========================================================================
Received Import Request.
  Time since last request: 0.000247 seconds.
  path: Assets/SampleScenes/Models/Materials/SpaceshipGlow.mat
  artifactKey: Guid(c45f0afbf9669834d9bac06fb9f06fb7) Importer(815301076,1909f56bfc062723c751e8b465ee728b)
Start importing Assets/SampleScenes/Models/Materials/SpaceshipGlow.mat using Guid(c45f0afbf9669834d9bac06fb9f06fb7) Importer(815301076,1909f56bfc062723c751e8b465ee728b)  -> (artifact id: '21a34a925b8d72600ff38c88c854a73c') in 0.050672 seconds
  Import took 0.055110 seconds .

========================================================================
Received Import Request.
  Time since last request: 0.000303 seconds.
  path: Assets/Standard Assets/Vehicles/Car/Materials/SkyCarBodyWhite.mat
  artifactKey: Guid(6ec41f7c0e0d3fb40933551a4124b211) Importer(815301076,1909f56bfc062723c751e8b465ee728b)
Start importing Assets/Standard Assets/Vehicles/Car/Materials/SkyCarBodyWhite.mat using Guid(6ec41f7c0e0d3fb40933551a4124b211) Importer(815301076,1909f56bfc062723c751e8b465ee728b)  -> (artifact id: 'a4c53be97c515edb861bf9318afb6cd4') in 0.055340 seconds
  Import took 0.059174 seconds .

========================================================================
Received Import Request.
  Time since last request: 0.000329 seconds.
  path: Assets/Standard Assets/Prototyping/Materials/YellowSmooth.mat
  artifactKey: Guid(6e1d36c4bbd37d54f9ea183e4f5fd656) Importer(815301076,1909f56bfc062723c751e8b465ee728b)
Start importing Assets/Standard Assets/Prototyping/Materials/YellowSmooth.mat using Guid(6e1d36c4bbd37d54f9ea183e4f5fd656) Importer(815301076,1909f56bfc062723c751e8b465ee728b)  -> (artifact id: '7f03727f662126b7586a9b5412d6f23f') in 0.062213 seconds
  Import took 0.067677 seconds .

========================================================================
Received Import Request.
  Time since last request: 0.000323 seconds.
  path: Assets/SampleScenes/Materials/WhiteUnlit.mat
  artifactKey: Guid(432d27f28c1251041bd6d1753602d5f0) Importer(815301076,1909f56bfc062723c751e8b465ee728b)
Start importing Assets/SampleScenes/Materials/WhiteUnlit.mat using Guid(432d27f28c1251041bd6d1753602d5f0) Importer(815301076,1909f56bfc062723c751e8b465ee728b)  -> (artifact id: '8705ae72ac8126b564f40d264b6effce') in 0.048856 seconds
  Import took 0.052577 seconds .

========================================================================
Received Import Request.
  Time since last request: 0.000308 seconds.
  path: Assets/Standard Assets/Effects/TessellationShaders/Materials/TesselatedBumpSpecular.mat
  artifactKey: Guid(a3384ef3e2313034f9016ad8a1f3999f) Importer(815301076,1909f56bfc062723c751e8b465ee728b)
Start importing Assets/Standard Assets/Effects/TessellationShaders/Materials/TesselatedBumpSpecular.mat using Guid(a3384ef3e2313034f9016ad8a1f3999f) Importer(815301076,1909f56bfc062723c751e8b465ee728b)  -> (artifact id: '21495d30e71767f9f2624c291d595510') in 0.274316 seconds
  Import took 0.279436 seconds .

========================================================================
Received Import Request.
  Time since last request: 0.000327 seconds.
  path: Assets/Standard Assets/2D/Materials/SpriteLit.mat
  artifactKey: Guid(272ba847f100d4251bb8260575189042) Importer(815301076,1909f56bfc062723c751e8b465ee728b)
Start importing Assets/Standard Assets/2D/Materials/SpriteLit.mat using Guid(272ba847f100d4251bb8260575189042) Importer(815301076,1909f56bfc062723c751e8b465ee728b)  -> (artifact id: '3901b68722862137154e4a3716386c32') in 0.097590 seconds
  Import took 0.100859 seconds .

========================================================================
Received Prepare
Registering precompiled user dll's ...
Registered in 0.001404 seconds.
Begin MonoManager ReloadAssembly
Native extension for WindowsStandalone target not found
Native extension for OSXStandalone target not found
Refreshing native plugins compatible for Editor in 0.30 ms, found 0 plugins.
Preloading 0 native plugins for Editor in 0.00 ms.
Invoked RoslynAnalysisRunner static constructor.
RoslynAnalysisRunner will not be running.
RoslynAnalysisRunner has terminated.
Mono: successfully reloaded assembly
- Completed reload, in  0.963 seconds
Platform modules already initialized, skipping
Refreshing native plugins compatible for Editor in 0.31 ms, found 0 plugins.
Preloading 0 native plugins for Editor in 0.00 ms.
Unloading 1099 Unused Serialized files (Serialized files now loaded: 0)
System memory in use before: 79.7 MB.
System memory in use after: 79.5 MB.

Unloading 5 unused Assets to reduce memory usage. Loaded Objects now: 1633.
Total: 3.429600 ms (FindLiveObjects: 0.178900 ms CreateObjectMapping: 0.067800 ms MarkObjects: 2.602100 ms  DeleteObjects: 0.579000 ms)

AssetImportWorkerClient::OnTransportError - code=2 error=End of file
